0 info it worked if it ends with ok
1 verbose cli [ '/usr/local/Cellar/node/7.6.0/bin/node',
1 verbose cli   '/usr/local/bin/npm',
1 verbose cli   'run',
1 verbose cli   'start' ]
2 info using npm@4.1.2
3 info using node@v7.6.0
4 verbose run-script [ 'prestart', 'start', 'poststart' ]
5 info lifecycle webpack-2.0-from-scratch@2.0.0~prestart: webpack-2.0-from-scratch@2.0.0
6 silly lifecycle webpack-2.0-from-scratch@2.0.0~prestart: no script for prestart, continuing
7 info lifecycle webpack-2.0-from-scratch@2.0.0~start: webpack-2.0-from-scratch@2.0.0
8 verbose lifecycle webpack-2.0-from-scratch@2.0.0~start: unsafe-perm in lifecycle true
9 verbose lifecycle webpack-2.0-from-scratch@2.0.0~start: PATH: /usr/local/lib/node_modules/npm/bin/node-gyp-bin:/Users/indreklasn/Work/open-source/webpack-2.0-from-scratch/node_modules/.bin:/usr/local/sbin:/Applications/Postgres.app/Contents/Versions/9.3/bin:/Users/indreklasn/.rbenv/bin:/usr/local/var/rbenv/shims:/usr/local/var/rbenv/shims:/Users/indreklasn/.yarn/bin:/Users/indreklasn/.rbenv/shims:/Users/indreklasn/.composer/vendor/bin:/usr/local/bin:/usr/local/apache-maven-2.2.1/bin:/usr/local/maven-1.1/bin:/Developer/android/android-sdk-mac_x86/tools:/usr/local/mysql/bin:/usr/local/sbin:/Users/indreklasn/bin:/usr/bin:/bin:/usr/sbin:/sbin:/usr/local/bin:/usr/X11/bin:/Users/mark/.rvm/bin:/Users/indreklasn/.rvm/bin:/usr/local/opt/android-sdk/tools:/usr/local/share/npm/bin
10 verbose lifecycle webpack-2.0-from-scratch@2.0.0~start: CWD: /Users/indreklasn/Work/open-source/webpack-2.0-from-scratch
11 silly lifecycle webpack-2.0-from-scratch@2.0.0~start: Args: [ '-c',
11 silly lifecycle   'webpack-dev-server -d --hot --https --config webpack.config.js --watch' ]
12 silly lifecycle webpack-2.0-from-scratch@2.0.0~start: Returned: code: 1  signal: null
13 info lifecycle webpack-2.0-from-scratch@2.0.0~start: Failed to exec start script
14 verbose stack Error: webpack-2.0-from-scratch@2.0.0 start: `webpack-dev-server -d --hot --https --config webpack.config.js --watch`
14 verbose stack Exit status 1
14 verbose stack     at EventEmitter.<anonymous> (/usr/local/lib/node_modules/npm/lib/utils/lifecycle.js:279:16)
14 verbose stack     at emitTwo (events.js:106:13)
14 verbose stack     at EventEmitter.emit (events.js:192:7)
14 verbose stack     at ChildProcess.<anonymous> (/usr/local/lib/node_modules/npm/lib/utils/spawn.js:40:14)
14 verbose stack     at emitTwo (events.js:106:13)
14 verbose stack     at ChildProcess.emit (events.js:192:7)
14 verbose stack     at maybeClose (internal/child_process.js:890:16)
14 verbose stack     at Process.ChildProcess._handle.onexit (internal/child_process.js:226:5)
15 verbose pkgid webpack-2.0-from-scratch@2.0.0
16 verbose cwd /Users/indreklasn/Work/open-source/webpack-2.0-from-scratch
17 error Darwin 16.5.0
18 error argv "/usr/local/Cellar/node/7.6.0/bin/node" "/usr/local/bin/npm" "run" "start"
19 error node v7.6.0
20 error npm  v4.1.2
21 error code ELIFECYCLE
22 error webpack-2.0-from-scratch@2.0.0 start: `webpack-dev-server -d --hot --https --config webpack.config.js --watch`
22 error Exit status 1
23 error Failed at the webpack-2.0-from-scratch@2.0.0 start script 'webpack-dev-server -d --hot --https --config webpack.config.js --watch'.
23 error Make sure you have the latest version of node.js and npm installed.
23 error If you do, this is most likely a problem with the webpack-2.0-from-scratch package,
23 error not with npm itself.
23 error Tell the author that this fails on your system:
23 error     webpack-dev-server -d --hot --https --config webpack.config.js --watch
23 error You can get information on how to open an issue for this project with:
23 error     npm bugs webpack-2.0-from-scratch
23 error Or if that isn't available, you can get their info via:
23 error     npm owner ls webpack-2.0-from-scratch
23 error There is likely additional logging output above.
24 verbose exit [ 1, true ]
